<?xml version="1.0" encoding="UTF-8"?>
<testsuite xmlns:xsi="http://www.w3.org/2001/XMLSchema-instance" xsi:noNamespaceSchemaLocation="https://maven.apache.org/surefire/maven-surefire-plugin/xsd/surefire-test-report.xsd" name="com.philiphamilton.linkedlist.SinglyLinkedListTest" time="0.023" tests="5" errors="0" skipped="0" failures="0">
  <properties>
[...]
</properties>
  <testcase name="testRemoveFirstWhenEmpty" classname="com.philiphamilton.linkedlist.SinglyLinkedListTest" time="0.013"/>
  <testcase name="testRemoveFirstWithObjects" classname="com.philiphamilton.linkedlist.SinglyLinkedListTest" time="0.002"/>
  <testcase name="testInsertAtBeginning" classname="com.philiphamilton.linkedlist.SinglyLinkedListTest" time="0.002"/>
  <testcase name="testIsEmpty" classname="com.philiphamilton.linkedlist.SinglyLinkedListTest" time="0.001"/>
  <testcase name="testRemoveNth" classname="com.philiphamilton.linkedlist.SinglyLinkedListTest" time="0.001"/>
</testsuite>